2019-06-06 17:14:01,227 INFO org.springframework.boot.StartupInfoLogger [main] Starting AppMainEveris on UDI-8KPZFV2 with PID 35352 (C:\Dev\kibana\everis-kibana\target\classes started by thernans in C:\Dev\kibana\everis-kibana)
2019-06-06 17:14:01,230 INFO org.springframework.boot.SpringApplication [main] No active profile set, falling back to default profiles: default
2019-06-06 17:14:01,964 INFO org.springframework.boot.web.embedded.tomcat.TomcatWebServer [main] Tomcat initialized with port(s): 8080 (http)
2019-06-06 17:14:01,975 INFO org.apache.juli.logging.DirectJDKLog [main] Initializing ProtocolHandler ["http-nio-8080"]
2019-06-06 17:14:01,988 INFO org.apache.juli.logging.DirectJDKLog [main] Starting service [Tomcat]
2019-06-06 17:14:01,988 INFO org.apache.juli.logging.DirectJDKLog [main] Starting Servlet engine: [Apache Tomcat/9.0.19]
2019-06-06 17:14:02,069 INFO org.apache.juli.logging.DirectJDKLog [main] Initializing Spring embedded WebApplicationContext
2019-06-06 17:14:02,069 INFO org.springframework.boot.web.servlet.context.ServletWebServerApplicationContext [main] Root WebApplicationContext: initialization completed in 809 ms
2019-06-06 17:14:02,228 INFO org.springframework.scheduling.concurrent.ExecutorConfigurationSupport [main] Initializing ExecutorService 'applicationTaskExecutor'
2019-06-06 17:14:02,351 INFO org.apache.juli.logging.DirectJDKLog [main] Starting ProtocolHandler ["http-nio-8080"]
2019-06-06 17:14:02,373 INFO org.springframework.boot.web.embedded.tomcat.TomcatWebServer [main] Tomcat started on port(s): 8080 (http) with context path ''
2019-06-06 17:14:02,376 INFO org.springframework.boot.StartupInfoLogger [main] Started AppMainEveris in 1.383 seconds (JVM running for 2.228)
2019-06-06 17:14:25,315 INFO org.apache.juli.logging.DirectJDKLog [http-nio-8080-exec-2] Initializing Spring DispatcherServlet 'dispatcherServlet'
2019-06-06 17:14:25,316 INFO org.springframework.web.servlet.FrameworkServlet [http-nio-8080-exec-2] Initializing Servlet 'dispatcherServlet'
2019-06-06 17:14:25,322 INFO org.springframework.web.servlet.FrameworkServlet [http-nio-8080-exec-2] Completed initialization in 6 ms
2019-06-06 17:14:25,373 INFO com.everis.kibana.controller.TimeController [http-nio-8080-exec-2] this is a info message
2019-06-06 17:14:25,375 ERROR com.everis.kibana.controller.TimeController [http-nio-8080-exec-2] erro ---> 
2019-06-06 17:26:25,857 INFO org.springframework.boot.admin.SpringApplicationAdminMXBeanRegistrar$SpringApplicationAdmin [RMI TCP Connection(34)-127.0.0.1] Application shutdown requested.
2019-06-06 17:26:25,860 INFO org.springframework.scheduling.concurrent.ExecutorConfigurationSupport [RMI TCP Connection(34)-127.0.0.1] Shutting down ExecutorService 'applicationTaskExecutor'
2019-06-06 17:27:41,471 INFO org.springframework.boot.StartupInfoLogger [main] Starting AppMainEveris on UDI-8KPZFV2 with PID 27332 (C:\Dev\kibana\everis-kibana\target\classes started by thernans in C:\Dev\kibana\everis-kibana)
2019-06-06 17:27:41,475 INFO org.springframework.boot.SpringApplication [main] No active profile set, falling back to default profiles: default
2019-06-06 17:27:42,272 INFO org.springframework.boot.web.embedded.tomcat.TomcatWebServer [main] Tomcat initialized with port(s): 8080 (http)
2019-06-06 17:27:42,284 INFO org.apache.juli.logging.DirectJDKLog [main] Initializing ProtocolHandler ["http-nio-8080"]
2019-06-06 17:27:42,291 INFO org.apache.juli.logging.DirectJDKLog [main] Starting service [Tomcat]
2019-06-06 17:27:42,292 INFO org.apache.juli.logging.DirectJDKLog [main] Starting Servlet engine: [Apache Tomcat/9.0.19]
2019-06-06 17:27:42,376 INFO org.apache.juli.logging.DirectJDKLog [main] Initializing Spring embedded WebApplicationContext
2019-06-06 17:27:42,376 INFO org.springframework.boot.web.servlet.context.ServletWebServerApplicationContext [main] Root WebApplicationContext: initialization completed in 868 ms
2019-06-06 17:27:42,553 INFO org.springframework.scheduling.concurrent.ExecutorConfigurationSupport [main] Initializing ExecutorService 'applicationTaskExecutor'
2019-06-06 17:27:42,676 INFO org.apache.juli.logging.DirectJDKLog [main] Starting ProtocolHandler ["http-nio-8080"]
2019-06-06 17:27:42,698 INFO org.springframework.boot.web.embedded.tomcat.TomcatWebServer [main] Tomcat started on port(s): 8080 (http) with context path ''
2019-06-06 17:27:42,701 INFO org.springframework.boot.StartupInfoLogger [main] Started AppMainEveris in 1.571 seconds (JVM running for 2.431)
2019-06-06 17:29:20,935 INFO org.springframework.boot.admin.SpringApplicationAdminMXBeanRegistrar$SpringApplicationAdmin [RMI TCP Connection(12)-127.0.0.1] Application shutdown requested.
2019-06-06 17:29:20,939 INFO org.springframework.scheduling.concurrent.ExecutorConfigurationSupport [RMI TCP Connection(12)-127.0.0.1] Shutting down ExecutorService 'applicationTaskExecutor'
